Release 14.7 - xst P.20131013 (nt64)
Copyright (c) 1995-2013 Xilinx, Inc.  All rights reserved.
--> Parameter TMPDIR set to xst/projnav.tmp


Total REAL time to Xst completion: 0.00 secs
Total CPU time to Xst completion: 0.09 secs
 
--> Parameter xsthdpdir set to xst


Total REAL time to Xst completion: 0.00 secs
Total CPU time to Xst completion: 0.09 secs
 
--> Reading design: Z1schemat.prj

TABLE OF CONTENTS
  1) Synthesis Options Summary
  2) HDL Compilation
  3) Design Hierarchy Analysis
  4) HDL Analysis
  5) HDL Synthesis
     5.1) HDL Synthesis Report
  6) Advanced HDL Synthesis
     6.1) Advanced HDL Synthesis Report
  7) Low Level Synthesis
  8) Partition Report
  9) Final Report
	9.1) Device utilization summary
	9.2) Partition Resource Summary
	9.3) TIMING REPORT


=========================================================================
*                      Synthesis Options Summary                        *
=========================================================================
---- Source Parameters
Input File Name                    : "Z1schemat.prj"
Input Format                       : mixed
Ignore Synthesis Constraint File   : NO

---- Target Parameters
Output File Name                   : "Z1schemat"
Output Format                      : NGC
Target Device                      : xc3s500e-4-fg320

---- Source Options
Top Module Name                    : Z1schemat
Automatic FSM Extraction           : YES
FSM Encoding Algorithm             : Auto
Safe Implementation                : No
FSM Style                          : LUT
RAM Extraction                     : Yes
RAM Style                          : Auto
ROM Extraction                     : Yes
Mux Style                          : Auto
Decoder Extraction                 : YES
Priority Encoder Extraction        : Yes
Shift Register Extraction          : YES
Logical Shifter Extraction         : YES
XOR Collapsing                     : YES
ROM Style                          : Auto
Mux Extraction                     : Yes
Resource Sharing                   : YES
Asynchronous To Synchronous        : NO
Multiplier Style                   : Auto
Automatic Register Balancing       : No

---- Target Options
Add IO Buffers                     : YES
Global Maximum Fanout              : 100000
Add Generic Clock Buffer(BUFG)     : 24
Register Duplication               : YES
Slice Packing                      : YES
Optimize Instantiated Primitives   : NO
Use Clock Enable                   : Yes
Use Synchronous Set                : Yes
Use Synchronous Reset              : Yes
Pack IO Registers into IOBs        : Auto
Equivalent register Removal        : YES

---- General Options
Optimization Goal                  : Speed
Optimization Effort                : 1
Keep Hierarchy                     : No
Netlist Hierarchy                  : As_Optimized
RTL Output                         : Yes
Global Optimization                : AllClockNets
Read Cores                         : YES
Write Timing Constraints           : NO
Cross Clock Analysis               : NO
Hierarchy Separator                : /
Bus Delimiter                      : <>
Case Specifier                     : Maintain
Slice Utilization Ratio            : 100
BRAM Utilization Ratio             : 100
Verilog 2001                       : YES
Auto BRAM Packing                  : NO
Slice Utilization Ratio Delta      : 5

=========================================================================


=========================================================================
*                          HDL Compilation                              *
=========================================================================
Compiling vhdl file "C:/XilinxPrj/UCiSW_L6/Z1.vhd" in Library work.
Entity <z1> compiled.
Entity <z1> (Architecture <behavioral>) compiled.
Compiling vhdl file "C:/XilinxPrj/UCiSW_L6/Z1schemat.vhf" in Library work.
Architecture behavioral of Entity z1schemat is up to date.

=========================================================================
*                     Design Hierarchy Analysis                         *
=========================================================================
Analyzing hierarchy for entity <Z1schemat> in library <work> (architecture <behavioral>).

Analyzing hierarchy for entity <Z1> in library <work> (architecture <behavioral>).


=========================================================================
*                            HDL Analysis                               *
=========================================================================
Analyzing Entity <Z1schemat> in library <work> (Architecture <behavioral>).
WARNING:Xst:2211 - "C:/XilinxPrj/UCiSW_L6/Z1schemat.vhf" line 95: Instantiating black box module <LCD1x64>.
WARNING:Xst:2211 - "C:/XilinxPrj/UCiSW_L6/Z1schemat.vhf" line 106: Instantiating black box module <PS2_Kbd>.
Entity <Z1schemat> analyzed. Unit <Z1schemat> generated.

Analyzing Entity <Z1> in library <work> (Architecture <behavioral>).
Entity <Z1> analyzed. Unit <Z1> generated.


=========================================================================
*                           HDL Synthesis                               *
=========================================================================

Performing bidirectional port resolution...

Synthesizing Unit <Z1>.
    Related source file is "C:/XilinxPrj/UCiSW_L6/Z1.vhd".
WARNING:Xst:647 - Input <E0> is never used. This port will be preserved and left unconnected if it belongs to a top-level block or it belongs to a sub-block and the hierarchy of this sub-block is preserved.
    Found finite state machine <FSM_0> for signal <state>.
    -----------------------------------------------------------------------
    | States             | 5                                              |
    | Transitions        | 18                                             |
    | Inputs             | 4                                              |
    | Outputs            | 64                                             |
    | Clock              | CLK                       (rising_edge)        |
    | Clock enable       | DO_RDY                    (positive)           |
    | Reset              | RST                       (positive)           |
    | Reset type         | synchronous                                    |
    | Reset State        | q0                                             |
    | Power Up State     | q0                                             |
    | Encoding           | automatic                                      |
    | Implementation     | LUT                                            |
    -----------------------------------------------------------------------
    Summary:
	inferred   1 Finite State Machine(s).
Unit <Z1> synthesized.


Synthesizing Unit <Z1schemat>.
    Related source file is "C:/XilinxPrj/UCiSW_L6/Z1schemat.vhf".
Unit <Z1schemat> synthesized.


=========================================================================
HDL Synthesis Report

Found no macro
=========================================================================

=========================================================================
*                       Advanced HDL Synthesis                          *
=========================================================================

Analyzing FSM <FSM_0> for best encoding.
Optimizing FSM <XLXI_1/state/FSM> on signal <state[1:3]> with user encoding.
-------------------
 State | Encoding
-------------------
 q0    | 000
 q1    | 001
 q2    | 010
 q3    | 011
 q4    | 100
-------------------
Reading core <LCD1x64.ngc>.
Reading core <PS2_Kbd.ngc>.
Loading core <LCD1x64> for timing and area information for instance <XLXI_2>.
Loading core <PS2_Kbd> for timing and area information for instance <XLXI_3>.

=========================================================================
Advanced HDL Synthesis Report

Macro Statistics
# FSMs                                                 : 1

=========================================================================

=========================================================================
*                         Low Level Synthesis                           *
=========================================================================

Optimizing unit <Z1schemat> ...

Mapping all equations...
Building and optimizing final netlist ...
Found area constraint ratio of 100 (+ 5) on block Z1schemat, actual ratio is 2.
INFO:Xst:2260 - The FF/Latch <cntDigit_0> in Unit <XLXI_2> is equivalent to the following 4 FFs/Latches : <cntDigit_0_1> <cntDigit_0_2> <cntDigit_0_3> <cntDigit_0_4> 
INFO:Xst:2260 - The FF/Latch <cntDigit_1> in Unit <XLXI_2> is equivalent to the following 2 FFs/Latches : <cntDigit_1_1> <cntDigit_1_2> 
INFO:Xst:2260 - The FF/Latch <State_16> in Unit <XLXI_2> is equivalent to the following FF/Latch : <State_16_1> 
INFO:Xst:2260 - The FF/Latch <cntDigit_0> in Unit <XLXI_2> is equivalent to the following 4 FFs/Latches : <cntDigit_0_1> <cntDigit_0_2> <cntDigit_0_3> <cntDigit_0_4> 
INFO:Xst:2260 - The FF/Latch <cntDigit_1> in Unit <XLXI_2> is equivalent to the following 2 FFs/Latches : <cntDigit_1_1> <cntDigit_1_2> 
INFO:Xst:2260 - The FF/Latch <State_16> in Unit <XLXI_2> is equivalent to the following FF/Latch : <State_16_1> 

Final Macro Processing ...

=========================================================================
Final Register Report

Macro Statistics
# Registers                                            : 3
 Flip-Flops                                            : 3

=========================================================================

=========================================================================
*                           Partition Report                            *
=========================================================================

Partition Implementation Status
-------------------------------

  No Partitions were found in this design.

-------------------------------

=========================================================================
*                            Final Report                               *
=========================================================================
Final Results
RTL Top Level Output File Name     : Z1schemat.ngr
Top Level Output File Name         : Z1schemat
Output Format                      : NGC
Optimization Goal                  : Speed
Keep Hierarchy                     : No

Design Statistics
# IOs                              : 13

Cell Usage :
# BELS                             : 340
#      GND                         : 3
#      INV                         : 7
#      LUT1                        : 33
#      LUT2                        : 42
#      LUT2_L                      : 5
#      LUT3                        : 71
#      LUT3_D                      : 1
#      LUT3_L                      : 3
#      LUT4                        : 48
#      LUT4_D                      : 5
#      LUT4_L                      : 15
#      MUXCY                       : 33
#      MUXF5                       : 21
#      MUXF6                       : 10
#      MUXF7                       : 5
#      VCC                         : 3
#      XORCY                       : 35
# FlipFlops/Latches                : 131
#      FD                          : 11
#      FDE                         : 27
#      FDR                         : 52
#      FDRE                        : 16
#      FDRS                        : 11
#      FDRSE                       : 3
#      FDS                         : 11
# Clock Buffers                    : 1
#      BUFGP                       : 1
# IO Buffers                       : 12
#      IBUF                        : 3
#      IOBUF                       : 4
#      OBUF                        : 5
=========================================================================

Device utilization summary:
---------------------------

Selected Device : 3s500efg320-4 

 Number of Slices:                      130  out of   4656     2%  
 Number of Slice Flip Flops:            131  out of   9312     1%  
 Number of 4 input LUTs:                230  out of   9312     2%  
 Number of IOs:                          13
 Number of bonded IOBs:                  13  out of    232     5%  
 Number of GCLKs:                         1  out of     24     4%  

---------------------------
Partition Resource Summary:
---------------------------

  No Partitions were found in this design.

---------------------------


=========================================================================
TIMING REPORT

NOTE: THESE TIMING NUMBERS ARE ONLY A SYNTHESIS ESTIMATE.
      FOR ACCURATE TIMING INFORMATION PLEASE REFER TO THE TRACE REPORT
      GENERATED AFTER PLACE-and-ROUTE.

Clock Information:
------------------
-----------------------------------+------------------------+-------+
Clock Signal                       | Clock buffer(FF name)  | Load  |
-----------------------------------+------------------------+-------+
CLK                                | BUFGP                  | 131   |
-----------------------------------+------------------------+-------+

Asynchronous Control Signals Information:
----------------------------------------
No asynchronous control signals found in this design

Timing Summary:
---------------
Speed Grade: -4

   Minimum period: 6.559ns (Maximum Frequency: 152.462MHz)
   Minimum input arrival time before clock: 3.980ns
   Maximum output required time after clock: 5.998ns
   Maximum combinational path delay: No path found

Timing Detail:
--------------
All values displayed in nanoseconds (ns)

=========================================================================
Timing constraint: Default period analysis for Clock 'CLK'
  Clock period: 6.559ns (frequency: 152.462MHz)
  Total number of paths / destination ports: 2010 / 236
-------------------------------------------------------------------------
Delay:               6.559ns (Levels of Logic = 6)
  Source:            XLXI_2/cntDigit_0_1 (FF)
  Destination:       XLXI_2/regDI_0 (FF)
  Source Clock:      CLK rising
  Destination Clock: CLK rising

  Data Path: XLXI_2/cntDigit_0_1 to XLXI_2/regDI_0
                                Gate     Net
    Cell:in->out      fanout   Delay   Delay  Logical Name (Net Name)
    ----------------------------------------  ------------
     FDE:C->Q             10   0.591   0.917  cntDigit_0_1 (cntDigit_01)
     LUT3:I2->O            1   0.704   0.000  Mmux_Digit_83 (Mmux_Digit_83)
     MUXF5:I0->O           1   0.321   0.000  Mmux_Digit_6_f5_2 (Mmux_Digit_6_f53)
     MUXF6:I0->O           1   0.521   0.000  Mmux_Digit_4_f6_2 (Mmux_Digit_4_f63)
     MUXF7:I0->O           6   0.521   0.844  Mmux_Digit_2_f7_2 (Digit<3>)
     LUT3_D:I0->O          1   0.704   0.424  Hex2ASCII<4>1 (Hex2ASCII<4>)
     LUT4:I3->O            1   0.704   0.000  regDI_mux0001<7>1111 (regDI_mux0001<7>111)
     FDS:D                     0.308          regDI_0
    ----------------------------------------
    Total                      6.559ns (4.374ns logic, 2.185ns route)
                                       (66.7% logic, 33.3% route)

=========================================================================
Timing constraint: Default OFFSET IN BEFORE for Clock 'CLK'
  Total number of paths / destination ports: 45 / 45
-------------------------------------------------------------------------
Offset:              3.980ns (Levels of Logic = 4)
  Source:            PS2_Data (PAD)
  Destination:       XLXI_3/ByteRdy (FF)
  Destination Clock: CLK rising

  Data Path: PS2_Data to XLXI_3/ByteRdy
                                Gate     Net
    Cell:in->out      fanout   Delay   Delay  Logical Name (Net Name)
    ----------------------------------------  ------------
     IBUF:I->O             2   1.218   0.622  PS2_Data_IBUF (PS2_Data_IBUF)
     begin scope: 'XLXI_3'
     LUT2:I0->O            1   0.704   0.424  ByteRdy_and0000_SW0_SW0 (N6)
     LUT4:I3->O            1   0.704   0.000  ByteRdy_and0000 (ByteRdy_and0000)
     FDR:D                     0.308          ByteRdy
    ----------------------------------------
    Total                      3.980ns (2.934ns logic, 1.046ns route)
                                       (73.7% logic, 26.3% route)

=========================================================================
Timing constraint: Default OFFSET OUT AFTER for Clock 'CLK'
  Total number of paths / destination ports: 27 / 8
-------------------------------------------------------------------------
Offset:              5.998ns (Levels of Logic = 3)
  Source:            XLXI_2/State_20 (FF)
  Destination:       LCD_RW (PAD)
  Source Clock:      CLK rising

  Data Path: XLXI_2/State_20 to LCD_RW
                                Gate     Net
    Cell:in->out      fanout   Delay   Delay  Logical Name (Net Name)
    ----------------------------------------  ------------
     FDRSE:C->Q            4   0.591   0.762  State_20 (State<20>)
     LUT2:I0->O            6   0.704   0.669  T_or00001 (LCD_RW)
     end scope: 'XLXI_2'
     OBUF:I->O                 3.272          LCD_RW_OBUF (LCD_RW)
    ----------------------------------------
    Total                      5.998ns (4.567ns logic, 1.431ns route)
                                       (76.1% logic, 23.9% route)

=========================================================================


Total REAL time to Xst completion: 5.00 secs
Total CPU time to Xst completion: 4.89 secs
 
--> 

Total memory usage is 4532216 kilobytes

Number of errors   :    0 (   0 filtered)
Number of warnings :    3 (   0 filtered)
Number of infos    :    6 (   0 filtered)

