Release 14.7 - xst P.20131013 (nt64)
Copyright (c) 1995-2013 Xilinx, Inc.  All rights reserved.
--> Parameter TMPDIR set to xst/projnav.tmp


Total REAL time to Xst completion: 1.00 secs
Total CPU time to Xst completion: 0.12 secs
 
--> Parameter xsthdpdir set to xst


Total REAL time to Xst completion: 1.00 secs
Total CPU time to Xst completion: 0.12 secs
 
--> Reading design: SchematZ2.prj

TABLE OF CONTENTS
  1) Synthesis Options Summary
  2) HDL Compilation
  3) Design Hierarchy Analysis
  4) HDL Analysis
  5) HDL Synthesis
     5.1) HDL Synthesis Report
  6) Advanced HDL Synthesis
     6.1) Advanced HDL Synthesis Report
  7) Low Level Synthesis
  8) Partition Report
  9) Final Report

=========================================================================
*                      Synthesis Options Summary                        *
=========================================================================
---- Source Parameters
Input File Name                    : "SchematZ2.prj"
Input Format                       : mixed
Ignore Synthesis Constraint File   : NO

---- Target Parameters
Output File Name                   : "SchematZ2"
Output Format                      : NGC
Target Device                      : XC9500XL CPLDs

---- Source Options
Top Module Name                    : SchematZ2
Automatic FSM Extraction           : YES
FSM Encoding Algorithm             : Auto
Safe Implementation                : No
Mux Extraction                     : Yes
Resource Sharing                   : YES

---- Target Options
Add IO Buffers                     : YES
MACRO Preserve                     : YES
XOR Preserve                       : YES
Equivalent register Removal        : YES

---- General Options
Optimization Goal                  : Speed
Optimization Effort                : 1
Keep Hierarchy                     : Yes
Netlist Hierarchy                  : As_Optimized
RTL Output                         : Yes
Hierarchy Separator                : /
Bus Delimiter                      : <>
Case Specifier                     : Maintain
Verilog 2001                       : YES

---- Other Options
Clock Enable                       : YES
wysiwyg                            : NO

=========================================================================


=========================================================================
*                          HDL Compilation                              *
=========================================================================
Compiling vhdl file "C:/XilinxPrj/UCiSWL5_Z1/Z1.vhd" in Library work.
Entity <z1> compiled.
Entity <z1> (Architecture <behavioral>) compiled.
Compiling vhdl file "C:/XilinxPrj/UCiSWL5_Z1/SchematZ2.vhf" in Library work.
Entity <schematz2> compiled.
Entity <schematz2> (Architecture <behavioral>) compiled.

=========================================================================
*                     Design Hierarchy Analysis                         *
=========================================================================
Analyzing hierarchy for entity <SchematZ2> in library <work> (architecture <behavioral>).

Analyzing hierarchy for entity <Z1> in library <work> (architecture <behavioral>).


=========================================================================
*                            HDL Analysis                               *
=========================================================================
Analyzing Entity <SchematZ2> in library <work> (Architecture <behavioral>).
WARNING:Xst:2211 - "C:/XilinxPrj/UCiSWL5_Z1/SchematZ2.vhf" line 80: Instantiating black box module <RS232_TX>.
WARNING:Xst:2211 - "C:/XilinxPrj/UCiSWL5_Z1/SchematZ2.vhf" line 88: Instantiating black box module <PS2_RX>.
Entity <SchematZ2> analyzed. Unit <SchematZ2> generated.

Analyzing Entity <Z1> in library <work> (Architecture <behavioral>).
INFO:Xst:2679 - Register <iter> in unit <Z1> has a constant value of 00 during circuit operation. The register is replaced by logic.
Entity <Z1> analyzed. Unit <Z1> generated.


=========================================================================
*                           HDL Synthesis                               *
=========================================================================

Performing bidirectional port resolution...

Synthesizing Unit <Z1>.
    Related source file is "C:/XilinxPrj/UCiSWL5_Z1/Z1.vhd".
WARNING:Xst:646 - Signal <iter> is assigned but never used. This unconnected signal will be trimmed during the optimization process.
    Found finite state machine <FSM_0> for signal <state>.
    -----------------------------------------------------------------------
    | States             | 13                                             |
    | Transitions        | 49                                             |
    | Inputs             | 5                                              |
    | Outputs            | 3                                              |
    | Clock              | CLK                       (rising_edge)        |
    | Reset              | RST                       (positive)           |
    | Reset type         | synchronous                                    |
    | Reset State        | q0                                             |
    | Power Up State     | q0                                             |
    | Encoding           | automatic                                      |
    | Implementation     | automatic                                      |
    -----------------------------------------------------------------------
    Summary:
	inferred   1 Finite State Machine(s).
Unit <Z1> synthesized.


Synthesizing Unit <SchematZ2>.
    Related source file is "C:/XilinxPrj/UCiSWL5_Z1/SchematZ2.vhf".
Unit <SchematZ2> synthesized.


=========================================================================
HDL Synthesis Report

Found no macro
=========================================================================

=========================================================================
*                       Advanced HDL Synthesis                          *
=========================================================================

Analyzing FSM <FSM_0> for best encoding.
Optimizing FSM <XLXI_3/state/FSM> on signal <state[1:4]> with user encoding.
-------------------
 State | Encoding
-------------------
 q0    | 0000
 q1    | 0001
 q2    | 0010
 q3    | 0011
 q4    | 0100
 q5    | 0101
 q6    | 0110
 q7    | 0111
 q8    | 1000
 q9    | 1001
 q10   | 1010
 q11   | 1011
 q12   | 1100
-------------------
Reading core <RS232_TX.ngc>.
Reading core <PS2_RX.ngc>.
Loading core <RS232_TX> for timing and area information for instance <XLXI_1>.
Loading core <PS2_RX> for timing and area information for instance <XLXI_2>.

=========================================================================
Advanced HDL Synthesis Report

Macro Statistics
# FSMs                                                 : 1

=========================================================================

=========================================================================
*                         Low Level Synthesis                           *
=========================================================================

Optimizing unit <SchematZ2> ...

Optimizing unit <Z1> ...
  implementation constraint: INIT=r	 : state_FSM_FFd1
  implementation constraint: INIT=r	 : state_FSM_FFd2
  implementation constraint: INIT=r	 : state_FSM_FFd3
  implementation constraint: INIT=r	 : state_FSM_FFd4

=========================================================================
*                           Partition Report                            *
=========================================================================

Partition Implementation Status
-------------------------------

  No Partitions were found in this design.

-------------------------------

=========================================================================
*                            Final Report                               *
=========================================================================
Final Results
RTL Top Level Output File Name     : SchematZ2.ngr
Top Level Output File Name         : SchematZ2
Output Format                      : NGC
Optimization Goal                  : Speed
Keep Hierarchy                     : Yes
Target Technology                  : XC9500XL CPLDs
Macro Preserve                     : YES
XOR Preserve                       : YES
Clock Enable                       : YES
wysiwyg                            : NO

Design Statistics
# IOs                              : 7

Cell Usage :
# BELS                             : 265
#      AND2                        : 87
#      AND3                        : 26
#      AND4                        : 7
#      AND5                        : 2
#      GND                         : 2
#      INV                         : 96
#      OR2                         : 33
#      OR3                         : 2
#      OR4                         : 2
#      VCC                         : 1
#      XOR2                        : 7
# FlipFlops/Latches                : 34
#      FD                          : 19
#      FDC                         : 4
#      FDCE                        : 11
# IO Buffers                       : 7
#      IBUF                        : 4
#      OBUF                        : 3
=========================================================================


Total REAL time to Xst completion: 4.00 secs
Total CPU time to Xst completion: 3.65 secs
 
--> 

Total memory usage is 4516100 kilobytes

Number of errors   :    0 (   0 filtered)
Number of warnings :    3 (   0 filtered)
Number of infos    :    1 (   0 filtered)

