Running: C:\Xilinx\14.7\ISE_DS\ISE\bin\nt64\unwrapped\fuse.exe -intstyle ise -incremental -o C:/XilinxPrj/UCISW3v2/ReversoTestBench_isim_beh.exe -prj C:/XilinxPrj/UCISW3v2/ReversoTestBench_beh.prj work.ReversoTestBench 
ISim P.20131013 (signature 0x7708f090)
Number of CPUs detected in this system: 12
Turning on mult-threading, number of parallel sub-compilation jobs: 24 
Determining compilation order of HDL files
Parsing VHDL file "C:/XilinxPrj/UCISW3v2/Reverso.vhd" into library work
Parsing VHDL file "C:/XilinxPrj/UCISW3v2/ReversoTestBench.vhd" into library work
Starting static elaboration
Completed static elaboration
Compiling package standard
Compiling package std_logic_1164
Compiling package vcomponents
Compiling architecture fdce_v of entity FDCE [\FDCE('0')\]
Compiling architecture behavioral of entity Reverso [reverso_default]
Compiling architecture behavior of entity reversotestbench
Time Resolution for simulation is 1ps.
Waiting for 1 sub-compilation(s) to finish...
Compiled 8 VHDL Units
Built simulation executable C:/XilinxPrj/UCISW3v2/ReversoTestBench_isim_beh.exe
Fuse Memory Usage: 45256 KB
Fuse CPU Usage: 343 ms
